--> NO /mnt/REPORT/WinWatch/2013/10/0110-3110.csv aggiunto
--> NO /mnt/REPORT/WinWatch/2013/11/0111-0411.csv aggiunto
--> NO /mnt/REPORT/WinWatch/2013/11/0511-0611.csv aggiunto
--> NO /mnt/REPORT/WinWatch/2013/11/0711-1011.csv aggiunto
--> NO /mnt/REPORT/WinWatch/2013/11/1111-1211.csv aggiunto
--> NO /mnt/REPORT/WinWatch/2013/11/1311-1411.csv aggiunto
--> NO /mnt/REPORT/WinWatch/2013/11/1511-1711.csv aggiunto
--> NO /mnt/REPORT/WinWatch/2013/11/1811-1911.csv aggiunto
--> NO /mnt/REPORT/WinWatch/2013/11/2011-2111parz.csv aggiunto
--> NO /mnt/REPORT/WinWatch/2013/11/2111-2211parz.csv aggiunto
--> NO /mnt/REPORT/WinWatch/2013/11/2211-2711parz.csv aggiunto
--> NO /mnt/REPORT/WinWatch/2013/11/2711-2811parz.csv aggiunto
--> NO /mnt/REPORT/WinWatch/2013/11/2811-0212parz.csv aggiunto
--> NO /mnt/REPORT/WinWatch/2013/11/2811-2911parz.csv aggiunto
--> NO /mnt/REPORT/WinWatch/2013/12/020312parz.csv aggiunto
--> NO /mnt/REPORT/WinWatch/2013/12/0312-0412PARZ.csv aggiunto
--> NO /mnt/REPORT/WinWatch/2013/12/0412-0612PARZ.csv aggiunto
--> NO /mnt/REPORT/WinWatch/2013/12/0612-0912parz.csv aggiunto
--> NO /mnt/REPORT/WinWatch/2013/12/0912-1012PARZ.csv aggiunto
--> NO /mnt/REPORT/WinWatch/2013/12/1012-1112parz.csv aggiunto
--> NO /mnt/REPORT/WinWatch/2013/12/1112-1212parz.csv aggiunto
--> NO /mnt/REPORT/WinWatch/2013/12/1212-1312parz.csv aggiunto
--> NO /mnt/REPORT/WinWatch/2013/12/13_16parz_12events.csv aggiunto
--> NO /mnt/REPORT/WinWatch/2013/12/1612-1712parz.csv aggiunto
--> NO /mnt/REPORT/WinWatch/2013/12/1812-1912parz.csv aggiunto
--> NO /mnt/REPORT/WinWatch/2013/12/1912_2312parz.csv aggiunto
--> NO /mnt/REPORT/WinWatch/2013/12/2312_2412parz.csv aggiunto
--> NO /mnt/REPORT/WinWatch/2013/12/2412-2712parz.csv aggiunto
--> NO /mnt/REPORT/WinWatch/2013/12/2712-3012parz.csv aggiunto
--> NO /mnt/REPORT/WinWatch/2013/12/3112.csv aggiunto
--> NO /mnt/REPORT/WinWatch/2013/12/winwatch1712.csv aggiunto
--> NO /mnt/REPORT/WinWatch/2014/01/01010201parz.csv aggiunto
--> NO /mnt/REPORT/WinWatch/2014/01/02010301.csv aggiunto
--> NO /mnt/REPORT/WinWatch/2014/01/03010701parz.csv aggiunto
--> NO /mnt/REPORT/WinWatch/2014/01/07010801parz.csv aggiunto
--> NO /mnt/REPORT/WinWatch/2014/01/08010901parz.csv aggiunto
--> NO /mnt/REPORT/WinWatch/2014/01/09011001parz.csv aggiunto
--> NO /mnt/REPORT/WinWatch/2014/01/10011301parz.csv aggiunto
--> NO /mnt/REPORT/WinWatch/2014/01/13011401PARZ.csv aggiunto
--> NO /mnt/REPORT/WinWatch/2014/01/14011501PARZ.csv aggiunto
--> NO /mnt/REPORT/WinWatch/2014/01/15011601parz.csv aggiunto
--> NO /mnt/REPORT/WinWatch/2014/01/15011701parz.csv aggiunto
--> NO /mnt/REPORT/WinWatch/2014/01/17012001parz.csv aggiunto
--> NO /mnt/REPORT/WinWatch/2014/01/20012101parz.csv aggiunto
--> NO /mnt/REPORT/WinWatch/2014/01/21012201parz.csv aggiunto
--> NO /mnt/REPORT/WinWatch/2014/01/22012301parz.csv aggiunto
--> NO /mnt/REPORT/WinWatch/2014/01/23012401parz.csv aggiunto
--> NO /mnt/REPORT/WinWatch/2014/01/24012701parz.csv aggiunto
--> NO /mnt/REPORT/WinWatch/2014/01/27012801parz.csv aggiunto
--> NO /mnt/REPORT/WinWatch/2014/01/28012901parz.csv aggiunto
--> NO /mnt/REPORT/WinWatch/2014/01/29013001parz.csv aggiunto
--> NO /mnt/REPORT/WinWatch/2014/01/3001-3101PARZ.csv aggiunto
--> NO /mnt/REPORT/WinWatch/2014/01/3101.csv aggiunto
--> NO /mnt/REPORT/WinWatch/2014/02/01020302parz.csv aggiunto
--> NO /mnt/REPORT/WinWatch/2014/02/03020402parz.csv aggiunto
--> NO /mnt/REPORT/WinWatch/2014/02/04010501parz.csv aggiunto
--> NO /mnt/REPORT/WinWatch/2014/02/04020502parz.csv aggiunto
--> NO /mnt/REPORT/WinWatch/2014/02/05020602PARZ.csv aggiunto
--> NO /mnt/REPORT/WinWatch/2014/02/06020702parz.csv aggiunto
--> NO /mnt/REPORT/WinWatch/2014/02/07021002parz.csv aggiunto
--> NO /mnt/REPORT/WinWatch/2014/02/10021102pasrz.csv aggiunto
--> NO /mnt/REPORT/WinWatch/2014/02/11021202parz.csv aggiunto
--> NO /mnt/REPORT/WinWatch/2014/02/12021302parz.csv aggiunto
--> NO /mnt/REPORT/WinWatch/2014/02/13021402parz.csv aggiunto
--> NO /mnt/REPORT/WinWatch/2014/02/14021702parz.csv aggiunto
--> NO /mnt/REPORT/WinWatch/2014/02/17021802parz.csv aggiunto
--> NO /mnt/REPORT/WinWatch/2014/02/18021902parz.csv aggiunto
--> NO /mnt/REPORT/WinWatch/2014/02/19022002parz.csv aggiunto
--> NO /mnt/REPORT/WinWatch/2014/02/20022102parz.csv aggiunto
--> NO /mnt/REPORT/WinWatch/2014/02/21022402parz.csv aggiunto
--> NO /mnt/REPORT/WinWatch/2014/02/24022502parz.csv aggiunto
--> NO /mnt/REPORT/WinWatch/2014/02/25022602parz.csv aggiunto
--> NO /mnt/REPORT/WinWatch/2014/02/26022702.csv aggiunto
--> NO /mnt/REPORT/WinWatch/2014/02/2802.csv aggiunto
--> NO /mnt/REPORT/WinWatch/2014/03/01030303parz.csv aggiunto
--> NO /mnt/REPORT/WinWatch/2014/03/02040304parz.csv aggiunto
--> NO /mnt/REPORT/WinWatch/2014/03/03030403parz.csv aggiunto
--> NO /mnt/REPORT/WinWatch/2014/03/04030503parz.csv aggiunto
--> NO /mnt/REPORT/WinWatch/2014/03/05030603parz.csv aggiunto
--> NO /mnt/REPORT/WinWatch/2014/03/06030703parz.csv aggiunto
--> NO /mnt/REPORT/WinWatch/2014/03/07031003parz.csv aggiunto
--> NO /mnt/REPORT/WinWatch/2014/03/10031103parz.csv aggiunto
--> NO /mnt/REPORT/WinWatch/2014/03/11031203parz.csv aggiunto
--> NO /mnt/REPORT/WinWatch/2014/03/12031303parz.csv aggiunto
--> NO /mnt/REPORT/WinWatch/2014/03/13031403parz.csv aggiunto
--> NO /mnt/REPORT/WinWatch/2014/03/14031503parz.csv aggiunto
--> NO /mnt/REPORT/WinWatch/2014/03/14031703parz.csv aggiunto
--> NO /mnt/REPORT/WinWatch/2014/03/17031803parz.csv aggiunto
--> NO /mnt/REPORT/WinWatch/2014/03/1803.csv aggiunto
--> NO /mnt/REPORT/WinWatch/2014/03/19032003PARZ.csv aggiunto
--> NO /mnt/REPORT/WinWatch/2014/03/20032103parz.csv aggiunto
--> NO /mnt/REPORT/WinWatch/2014/03/21032403parz.csv aggiunto
--> NO /mnt/REPORT/WinWatch/2014/03/24032503parz.csv aggiunto
--> NO /mnt/REPORT/WinWatch/2014/03/25032603parz.csv aggiunto
--> NO /mnt/REPORT/WinWatch/2014/03/2603-2703parz.csv aggiunto
--> NO /mnt/REPORT/WinWatch/2014/03/2703-2803parz.csv aggiunto
--> NO /mnt/REPORT/WinWatch/2014/03/28033103parz.csv aggiunto
--> NO /mnt/REPORT/WinWatch/2014/03/31030104parz.csv aggiunto
--> NO /mnt/REPORT/WinWatch/2014/04/0104-0204parz.csv aggiunto
--> NO /mnt/REPORT/WinWatch/2014/04/0204-0304parz.csv aggiunto
--> NO /mnt/REPORT/WinWatch/2014/04/0304-0404PARZ.csv aggiunto
--> NO /mnt/REPORT/WinWatch/2014/04/0404-0704parz.csv aggiunto
--> NO /mnt/REPORT/WinWatch/2014/04/0704-0804parz.csv aggiunto
--> NO /mnt/REPORT/WinWatch/2014/04/0804-0904parz.csv aggiunto
--> NO /mnt/REPORT/WinWatch/2014/04/0904-1004parz.csv aggiunto
--> NO /mnt/REPORT/WinWatch/2014/04/1004-1104PARZ.csv aggiunto
--> NO /mnt/REPORT/WinWatch/2014/04/1104-1204parz.csv aggiunto
--> NO /mnt/REPORT/WinWatch/2014/04/1104-1404parz.csv aggiunto
--> NO /mnt/REPORT/WinWatch/2014/04/1404-1504parz.csv aggiunto
--> NO /mnt/REPORT/WinWatch/2014/04/1504-1604parz.csv aggiunto
--> NO /mnt/REPORT/WinWatch/2014/04/1604-1704PARZ.csv aggiunto
--> NO /mnt/REPORT/WinWatch/2014/04/1704-1804PARZ.csv aggiunto
--> NO /mnt/REPORT/WinWatch/2014/04/1804-2204parz.csv aggiunto
--> NO /mnt/REPORT/WinWatch/2014/04/2204-2304parz.csv aggiunto
--> NO /mnt/REPORT/WinWatch/2014/04/2304-2404parz.csv aggiunto
--> NO /mnt/REPORT/WinWatch/2014/04/2404-2804parz.csv aggiunto
--> NO /mnt/REPORT/WinWatch/2014/04/2804-2904parz.csv aggiunto
--> NO /mnt/REPORT/WinWatch/2014/04/2904-3004parz.csv aggiunto
--> NO /mnt/REPORT/WinWatch/2014/04/3004.csv aggiunto
--> NO /mnt/REPORT/WinWatch/2014/05/0105-2005parz.csv aggiunto
--> NO /mnt/REPORT/WinWatch/2014/05/0205-0505parz.csv aggiunto
--> NO /mnt/REPORT/WinWatch/2014/05/0505-0605parz.csv aggiunto
--> NO /mnt/REPORT/WinWatch/2014/05/0605-0705parz.csv aggiunto
--> NO /mnt/REPORT/WinWatch/2014/05/0705-0805parz.csv aggiunto
--> NO /mnt/REPORT/WinWatch/2014/05/0805-0905PARZ.csv aggiunto
--> NO /mnt/REPORT/WinWatch/2014/05/0905-1205parz.csv aggiunto
--> NO /mnt/REPORT/WinWatch/2014/05/1205-1305parz.csv aggiunto
--> NO /mnt/REPORT/WinWatch/2014/05/1305-1405parz.csv aggiunto
--> NO /mnt/REPORT/WinWatch/2014/05/1405-1505parz.csv aggiunto
--> NO /mnt/REPORT/WinWatch/2014/05/1505-1605parz.csv aggiunto
--> NO /mnt/REPORT/WinWatch/2014/05/1605-1905parz.csv aggiunto
--> NO /mnt/REPORT/WinWatch/2014/05/1905-2005parz.csv aggiunto
--> NO /mnt/REPORT/WinWatch/2014/05/2005-2105parz.csv aggiunto
--> NO /mnt/REPORT/WinWatch/2014/05/2105-2205parz.csv aggiunto
--> NO /mnt/REPORT/WinWatch/2014/05/2205-2305parz.csv aggiunto
--> NO /mnt/REPORT/WinWatch/2014/05/2305-2605parz.csv aggiunto
--> NO /mnt/REPORT/WinWatch/2014/05/2605-2705parzs.csv aggiunto
--> NO /mnt/REPORT/WinWatch/2014/05/2705-2805parz.csv aggiunto
--> NO /mnt/REPORT/WinWatch/2014/05/2805-2905parz.csv aggiunto
--> NO /mnt/REPORT/WinWatch/2014/05/2905-3005parz.csv aggiunto
--> NO /mnt/REPORT/WinWatch/2014/05/3005-3105parz.csv aggiunto
--> NO /mnt/REPORT/WinWatch/2014/06/0106-0306parz.csv aggiunto
--> NO /mnt/REPORT/WinWatch/2014/06/0306-0406parz.csv aggiunto
--> NO /mnt/REPORT/WinWatch/2014/06/0406-0506parz.csv aggiunto
--> NO /mnt/REPORT/WinWatch/2014/06/0506-0606parz.csv aggiunto
--> NO /mnt/REPORT/WinWatch/2014/06/0606-0906parz.csv aggiunto
--> NO /mnt/REPORT/WinWatch/2014/06/0906-1006parz.csv aggiunto
--> NO /mnt/REPORT/WinWatch/2014/06/1006-1106parz.csv aggiunto
--> NO /mnt/REPORT/WinWatch/2014/06/1106-1206parz.csv aggiunto
--> NO /mnt/REPORT/WinWatch/2014/06/1206-1306parz.csv aggiunto
--> NO /mnt/REPORT/WinWatch/2014/06/1306-1606parz.csv aggiunto
--> NO /mnt/REPORT/WinWatch/2014/06/1606-1706parz.csv aggiunto
--> NO /mnt/REPORT/WinWatch/2014/06/1706-1806parz.csv aggiunto
--> NO /mnt/REPORT/WinWatch/2014/06/1806-1906parz.csv aggiunto
--> NO /mnt/REPORT/WinWatch/2014/06/1906-2006parz.csv aggiunto
--> NO /mnt/REPORT/WinWatch/2014/06/2006-2306parz.csv aggiunto
--> NO /mnt/REPORT/WinWatch/2014/06/2306-2506parz.csv aggiunto
--> NO /mnt/REPORT/WinWatch/2014/06/2506-2606parz.csv aggiunto
--> NO /mnt/REPORT/WinWatch/2014/06/2606-2706parz.csv aggiunto
--> NO /mnt/REPORT/WinWatch/2014/06/2706-3006parz.csv aggiunto
--> NO /mnt/REPORT/WinWatch/2014/06/3006-0107parz.csv aggiunto
--> NO /mnt/REPORT/WinWatch/2014/07/0107-0207parz.csv aggiunto
--> NO /mnt/REPORT/WinWatch/2014/07/0207-0307parz.csv aggiunto
--> NO /mnt/REPORT/WinWatch/2014/07/0307-0407parz.csv aggiunto
--> NO /mnt/REPORT/WinWatch/2014/07/0407-0707parz.csv aggiunto
--> NO /mnt/REPORT/WinWatch/2014/07/0707-0807parz.csv aggiunto
--> NO /mnt/REPORT/WinWatch/2014/07/0807-0907parz.csv aggiunto
--> NO /mnt/REPORT/WinWatch/2014/07/0907-1007PARZ.csv aggiunto
--> NO /mnt/REPORT/WinWatch/2014/07/1007-1107parz.csv aggiunto
--> NO /mnt/REPORT/WinWatch/2014/07/1107-1407parz.csv aggiunto
--> NO /mnt/REPORT/WinWatch/2014/07/1407-1507PARZ.csv aggiunto
--> NO /mnt/REPORT/WinWatch/2014/07/1607-1707PARZ.csv aggiunto
--> NO /mnt/REPORT/WinWatch/2014/07/1707-1807parz.csv aggiunto
--> NO /mnt/REPORT/WinWatch/2014/07/1807-2107parz.csv aggiunto
--> NO /mnt/REPORT/WinWatch/2014/07/2107-2207parz.csv aggiunto
--> NO /mnt/REPORT/WinWatch/2014/07/2207-2307parz.csv aggiunto
--> NO /mnt/REPORT/WinWatch/2014/07/2307-2407parz.csv aggiunto
--> NO /mnt/REPORT/WinWatch/2014/07/2407-2507parz.csv aggiunto
--> NO /mnt/REPORT/WinWatch/2014/07/2507-2807parz.csv.csv aggiunto
--> NO /mnt/REPORT/WinWatch/2014/07/2807-2907parz.csv aggiunto
--> NO /mnt/REPORT/WinWatch/2014/07/2907-3007PARZ.csv aggiunto
--> NO /mnt/REPORT/WinWatch/2014/07/3007-3107parz.csv aggiunto
--> NO /mnt/REPORT/WinWatch/2014/07/3107-0108parz.csv aggiunto
--> NO /mnt/REPORT/WinWatch/2014/08/0108-0408parz.csv aggiunto
--> NO /mnt/REPORT/WinWatch/2014/08/0408-0508parz.csv aggiunto
--> NO /mnt/REPORT/WinWatch/2014/08/0508-0608parz.csv aggiunto
--> NO /mnt/REPORT/WinWatch/2014/08/0608-0708parz.csv aggiunto
--> NO /mnt/REPORT/WinWatch/2014/08/0708-0808parz.csv aggiunto
--> NO /mnt/REPORT/WinWatch/2014/08/0808-1108parz.csv aggiunto
--> NO /mnt/REPORT/WinWatch/2014/08/1108-1208parz.csv aggiunto
--> NO /mnt/REPORT/WinWatch/2014/08/1208-1308parz.csv aggiunto
--> NO /mnt/REPORT/WinWatch/2014/08/1308-1408parz.csv aggiunto
--> NO /mnt/REPORT/WinWatch/2014/08/1408-1808parz.csv aggiunto
--> NO /mnt/REPORT/WinWatch/2014/08/1808-1908parz.csv aggiunto
--> NO /mnt/REPORT/WinWatch/2014/08/1908-2008parz.csv aggiunto
--> NO /mnt/REPORT/WinWatch/2014/08/2008-2108parz.csv aggiunto
--> NO /mnt/REPORT/WinWatch/2014/08/2108-2208parz.csv aggiunto
--> NO /mnt/REPORT/WinWatch/2014/08/2208-2508parz.csv aggiunto
--> NO /mnt/REPORT/WinWatch/2014/08/2508-2608parz.csv aggiunto
--> NO /mnt/REPORT/WinWatch/2014/08/2608-2708parz.csv aggiunto
--> NO /mnt/REPORT/WinWatch/2014/08/2708-2808parz.csv aggiunto
--> NO /mnt/REPORT/WinWatch/2014/08/2808-2908parz.csv aggiunto
--> NO /mnt/REPORT/WinWatch/2014/08/2908-0109parz.csv aggiunto
--> NO /mnt/REPORT/WinWatch/2014/09/0109-0209parz.csv aggiunto
--> NO /mnt/REPORT/WinWatch/2014/09/0209-0309parz.csv aggiunto
--> NO /mnt/REPORT/WinWatch/2014/09/0309-0409parz.csv aggiunto
--> NO /mnt/REPORT/WinWatch/2014/09/0409-0509parz.csv aggiunto
--> NO /mnt/REPORT/WinWatch/2014/09/0509-0809parz.csv aggiunto
--> NO /mnt/REPORT/WinWatch/2014/09/0809-0909parz.csv aggiunto
--> NO /mnt/REPORT/WinWatch/2014/09/0909-1009parz.csv aggiunto
--> NO /mnt/REPORT/WinWatch/2014/09/1009-1109parz.csv aggiunto
--> NO /mnt/REPORT/WinWatch/2014/09/1109-1209parz.csv aggiunto
--> NO /mnt/REPORT/WinWatch/2014/09/1209-1509parz.csv aggiunto
--> NO /mnt/REPORT/WinWatch/2014/09/1509-1609parz.csv aggiunto
--> NO /mnt/REPORT/WinWatch/2014/09/1609-1709parz.csv aggiunto
--> NO /mnt/REPORT/WinWatch/2014/09/1709-1809parz.csv aggiunto
--> NO /mnt/REPORT/WinWatch/2014/09/1809-1909parz.csv aggiunto
--> NO /mnt/REPORT/WinWatch/2014/09/1909-2209parz.csv aggiunto
--> NO /mnt/REPORT/WinWatch/2014/09/2209-2309PARZ.csv aggiunto
--> NO /mnt/REPORT/WinWatch/2014/09/2309-2409parz.csv aggiunto
--> NO /mnt/REPORT/WinWatch/2014/09/2409-2509parz.csv aggiunto
--> NO /mnt/REPORT/WinWatch/2014/09/2509-2609parz.csv aggiunto
--> NO /mnt/REPORT/WinWatch/2014/09/2609-2909parz.csv aggiunto
--> NO /mnt/REPORT/WinWatch/2014/09/2909-3009parz.csv aggiunto
--> NO /mnt/REPORT/WinWatch/2014/10/0110-0210parz.csv aggiunto
--> NO /mnt/REPORT/WinWatch/2014/10/0210-0310parz.csv aggiunto
--> NO /mnt/REPORT/WinWatch/2014/10/0310-0610parz.csv aggiunto
--> NO /mnt/REPORT/WinWatch/2014/10/0610-0710parz.csv aggiunto
--> NO /mnt/REPORT/WinWatch/2014/10/0710-0810parz.csv aggiunto
--> NO /mnt/REPORT/WinWatch/2014/10/0810-0910parz.csv aggiunto
--> NO /mnt/REPORT/WinWatch/2014/10/0910-1010parz.csv aggiunto
--> NO /mnt/REPORT/WinWatch/2014/10/1010-1310parz.csv aggiunto
--> NO /mnt/REPORT/WinWatch/2014/10/1310-1410parz.csv aggiunto
--> NO /mnt/REPORT/WinWatch/2014/10/1410-1510parz.csv aggiunto
--> NO /mnt/REPORT/WinWatch/2014/10/1510-1610parz.csv aggiunto
--> NO /mnt/REPORT/WinWatch/2014/10/1610-1710parz.csv aggiunto
--> NO /mnt/REPORT/WinWatch/2014/10/1710-2010parz.csv aggiunto
--> NO /mnt/REPORT/WinWatch/2014/10/2010-2110parz.csv aggiunto
--> NO /mnt/REPORT/WinWatch/2014/10/2110-2210parz.csv aggiunto
--> NO /mnt/REPORT/WinWatch/2014/10/2210-2310parz.csv aggiunto
--> NO /mnt/REPORT/WinWatch/2014/10/2410-2710parz.csv aggiunto
--> NO /mnt/REPORT/WinWatch/2014/10/2710-2810parz.csv aggiunto
--> NO /mnt/REPORT/WinWatch/2014/10/2810-2910parzcsv.csv aggiunto
--> NO /mnt/REPORT/WinWatch/2014/10/2910-3010parz.csv aggiunto
--> NO /mnt/REPORT/WinWatch/2014/10/3010-3110PARZ.csv aggiunto
--> NO /mnt/REPORT/WinWatch/2014/10/3110.csv aggiunto
--> NO /mnt/REPORT/WinWatch/2014/11/0111-0311parz.csv aggiunto
--> NO /mnt/REPORT/WinWatch/2014/11/0311-0411parz.csv aggiunto
--> NO /mnt/REPORT/WinWatch/2014/11/0311parz.csv aggiunto
--> NO /mnt/REPORT/WinWatch/2014/11/0411-0511parz.csv aggiunto
--> NO /mnt/REPORT/WinWatch/2014/11/0511-0611parz.csv aggiunto
--> NO /mnt/REPORT/WinWatch/2014/11/0611-0711parz.csv aggiunto
--> NO /mnt/REPORT/WinWatch/2014/11/0711-1011parz.csv aggiunto
--> NO /mnt/REPORT/WinWatch/2014/11/1011-1111parz.csv aggiunto
--> NO /mnt/REPORT/WinWatch/2014/11/1111-1211parz.csv aggiunto
--> NO /mnt/REPORT/WinWatch/2014/11/1211-1311parz.csv aggiunto
--> NO /mnt/REPORT/WinWatch/2014/11/1311-1411parz.csv aggiunto
--> NO /mnt/REPORT/WinWatch/2014/11/1411-1711parz.csv aggiunto
--> NO /mnt/REPORT/WinWatch/2014/11/1711-1811parz.csv aggiunto
--> NO /mnt/REPORT/WinWatch/2014/11/1811-1911parz.csv aggiunto
--> NO /mnt/REPORT/WinWatch/2014/11/1911-2011parz.csv aggiunto
--> NO /mnt/REPORT/WinWatch/2014/11/2011-2111parz.csv aggiunto
--> NO /mnt/REPORT/WinWatch/2014/11/2111-2411parz.csv aggiunto
--> NO /mnt/REPORT/WinWatch/2014/11/2411-2511parz.csv aggiunto
--> NO /mnt/REPORT/WinWatch/2014/11/2511-2611parz.csv aggiunto
--> NO /mnt/REPORT/WinWatch/2014/11/2611-2711parz.csv aggiunto
--> NO /mnt/REPORT/WinWatch/2014/11/2711-2811parz.csv aggiunto
--> NO /mnt/REPORT/WinWatch/2014/11/2811-0112parz.csv aggiunto
--> NO /mnt/REPORT/WinWatch/2014/12/0112-0212parz.csv aggiunto
--> NO /mnt/REPORT/WinWatch/2014/12/0212-0312parz.csv aggiunto
--> NO /mnt/REPORT/WinWatch/2014/12/0312-0412parz.csv aggiunto
--> NO /mnt/REPORT/WinWatch/2014/12/0412-0512parz.csv aggiunto
--> NO /mnt/REPORT/WinWatch/2014/12/0512-0912parz.csv aggiunto
--> NO /mnt/REPORT/WinWatch/2014/12/0912-1012parz.csv aggiunto
--> NO /mnt/REPORT/WinWatch/2014/12/1012-1112parz.csv aggiunto
--> NO /mnt/REPORT/WinWatch/2014/12/1112-1212parz.csv aggiunto
--> NO /mnt/REPORT/WinWatch/2014/12/1212-1512PARZ.csv aggiunto
--> NO /mnt/REPORT/WinWatch/2014/12/1512-1612parz.csv aggiunto
--> NO /mnt/REPORT/WinWatch/2014/12/1612-1712parz.csv aggiunto
--> NO /mnt/REPORT/WinWatch/2014/12/1712-1812parz.csv aggiunto
--> NO /mnt/REPORT/WinWatch/2014/12/1812-1912parz.csv aggiunto
--> NO /mnt/REPORT/WinWatch/2014/12/1812-1912parz2.csv aggiunto
--> NO /mnt/REPORT/WinWatch/2014/12/1912-2212parz.csv aggiunto
--> NO /mnt/REPORT/WinWatch/2014/12/2212-2312parz.csv aggiunto
--> NO /mnt/REPORT/WinWatch/2014/12/2312-2412parz.csv aggiunto
--> NO /mnt/REPORT/WinWatch/2014/12/2412-2912parz.csv aggiunto
--> NO /mnt/REPORT/WinWatch/2014/12/3012-3112.csv aggiunto
--> NO /mnt/REPORT/WinWatch/2015/01/0101-0201parz.csv aggiunto
--> NO /mnt/REPORT/WinWatch/2015/01/0201-0501parz.csv aggiunto
--> NO /mnt/REPORT/WinWatch/2015/01/0501-0701parz.csv aggiunto
--> NO /mnt/REPORT/WinWatch/2015/01/0701-0801parz.csv aggiunto
--> NO /mnt/REPORT/WinWatch/2015/01/0801-0901parz.csv aggiunto
--> NO /mnt/REPORT/WinWatch/2015/01/0901-1201parz.csv aggiunto
--> NO /mnt/REPORT/WinWatch/2015/01/1201-1301parz.csv aggiunto
--> NO /mnt/REPORT/WinWatch/2015/01/1301-1401parz.csv aggiunto
--> NO /mnt/REPORT/WinWatch/2015/01/1401-1501parz.csv aggiunto
--> NO /mnt/REPORT/WinWatch/2015/01/1501-1601parz.csv aggiunto
--> NO /mnt/REPORT/WinWatch/2015/01/1601-1901parz.csv aggiunto
--> NO /mnt/REPORT/WinWatch/2015/01/1901-2001parz.csv aggiunto
--> NO /mnt/REPORT/WinWatch/2015/01/2001-2101parz.csv aggiunto
--> NO /mnt/REPORT/WinWatch/2015/01/2101-2201parz.csv aggiunto
--> NO /mnt/REPORT/WinWatch/2015/01/2201-2301parz.csv aggiunto
--> NO /mnt/REPORT/WinWatch/2015/01/2301-2601parz.csv aggiunto
--> NO /mnt/REPORT/WinWatch/2015/01/2601-2701parz.csv aggiunto
--> NO /mnt/REPORT/WinWatch/2015/01/2701-2801parz.csv aggiunto
--> NO /mnt/REPORT/WinWatch/2015/01/2801-2901parz.csv aggiunto
--> NO /mnt/REPORT/WinWatch/2015/01/2901-3001parz.csv aggiunto
--> NO /mnt/REPORT/WinWatch/2015/01/3001-3101.csv aggiunto
--> NO /mnt/REPORT/WinWatch/2015/02/0102-0202parz.csv aggiunto
--> NO /mnt/REPORT/WinWatch/2015/02/0202-0302parz.csv aggiunto
--> NO /mnt/REPORT/WinWatch/2015/02/0302-0402parz.csv aggiunto
--> NO /mnt/REPORT/WinWatch/2015/02/0402-0502parz.csv aggiunto
--> NO /mnt/REPORT/WinWatch/2015/02/0502-0602parz.csv aggiunto
--> NO /mnt/REPORT/WinWatch/2015/02/0602-0902parz.csv aggiunto
--> NO /mnt/REPORT/WinWatch/2015/02/0902-1002parz.csv aggiunto
--> NO /mnt/REPORT/WinWatch/2015/02/1002-1102parz.csv aggiunto
--> NO /mnt/REPORT/WinWatch/2015/02/1102-1202parz.csv aggiunto
--> NO /mnt/REPORT/WinWatch/2015/02/1202-1302parz.csv aggiunto
--> NO /mnt/REPORT/WinWatch/2015/02/1302-1602parz.csv aggiunto
--> NO /mnt/REPORT/WinWatch/2015/02/1602-1702PARZ.csv aggiunto
--> NO /mnt/REPORT/WinWatch/2015/02/1702-1802parz.csv aggiunto
--> NO /mnt/REPORT/WinWatch/2015/02/1802-1902parz.csv aggiunto
--> NO /mnt/REPORT/WinWatch/2015/02/1902-2002parz.csv aggiunto
--> NO /mnt/REPORT/WinWatch/2015/02/2002-2302parz.csv aggiunto
--> NO /mnt/REPORT/WinWatch/2015/02/2302-2402parz.csv aggiunto
--> NO /mnt/REPORT/WinWatch/2015/02/2402-2502parz.csv aggiunto
--> NO /mnt/REPORT/WinWatch/2015/02/2502-2602parz.csv aggiunto
--> NO /mnt/REPORT/WinWatch/2015/02/2602-2702parz.csv aggiunto
--> NO /mnt/REPORT/WinWatch/2015/03/0103-0203parz.csv aggiunto
--> NO /mnt/REPORT/WinWatch/2015/03/0203-0303parz.csv aggiunto
--> NO /mnt/REPORT/WinWatch/2015/03/0303-0403parz.csv aggiunto
--> NO /mnt/REPORT/WinWatch/2015/03/0403-0503parz.csv aggiunto
--> NO /mnt/REPORT/WinWatch/2015/03/0503-0603parz.csv aggiunto
--> NO /mnt/REPORT/WinWatch/2015/03/0603-0803parz.csv aggiunto
--> NO /mnt/REPORT/WinWatch/2015/03/0903-1003parz.csv aggiunto
--> NO /mnt/REPORT/WinWatch/2015/03/1003-1103parz.csv aggiunto
--> NO /mnt/REPORT/WinWatch/2015/03/1103-1203parz.csv aggiunto
--> NO /mnt/REPORT/WinWatch/2015/03/1203-1303parz.csv aggiunto
--> NO /mnt/REPORT/WinWatch/2015/03/1303-1603parz.csv aggiunto
--> NO /mnt/REPORT/WinWatch/2015/03/1603-1703parz.csv aggiunto
--> NO /mnt/REPORT/WinWatch/2015/03/1703-1803parz.csv aggiunto
--> NO /mnt/REPORT/WinWatch/2015/03/1803-1903parz.csv aggiunto
--> NO /mnt/REPORT/WinWatch/2015/03/1903-2003parz.csv aggiunto
--> NO /mnt/REPORT/WinWatch/2015/03/2003-2303parz.csv aggiunto
--> NO /mnt/REPORT/WinWatch/2015/03/2303-2403parz.csv aggiunto
--> NO /mnt/REPORT/WinWatch/2015/03/2403-2503parz.csv aggiunto
--> NO /mnt/REPORT/WinWatch/2015/03/2503-2603parz.csv aggiunto
--> NO /mnt/REPORT/WinWatch/2015/03/2603-2703parz.csv aggiunto
--> NO /mnt/REPORT/WinWatch/2015/03/2703-3003parz.csv aggiunto
--> NO /mnt/REPORT/WinWatch/2015/03/3003-3103parz.csv aggiunto
--> NO /mnt/REPORT/WinWatch/2015/03/3103-0104parz.csv aggiunto
--> NO /mnt/REPORT/WinWatch/2015/04/0104-0204parz.csv aggiunto
--> NO /mnt/REPORT/WinWatch/2015/04/0204-0304parz.csv aggiunto
--> NO /mnt/REPORT/WinWatch/2015/04/0304-0704parz.csv aggiunto
--> NO /mnt/REPORT/WinWatch/2015/04/0704-0804parz.csv aggiunto
--> NO /mnt/REPORT/WinWatch/2015/04/0804-0904parz.csv aggiunto
--> NO /mnt/REPORT/WinWatch/2015/04/0904-1004parz.csv aggiunto
--> NO /mnt/REPORT/WinWatch/2015/04/1004-1304parz.csv aggiunto
--> NO /mnt/REPORT/WinWatch/2015/04/1304-1404parz.csv aggiunto
--> NO /mnt/REPORT/WinWatch/2015/04/1404-1504parz.csv aggiunto
--> NO /mnt/REPORT/WinWatch/2015/04/1504-1604parz.csv aggiunto
--> NO /mnt/REPORT/WinWatch/2015/04/1604-1704parz.csv aggiunto
--> NO /mnt/REPORT/WinWatch/2015/04/1704-2004parz.csv aggiunto
--> NO /mnt/REPORT/WinWatch/2015/04/2004-2104parz.csv aggiunto
--> NO /mnt/REPORT/WinWatch/2015/04/2104-2204parz.csv aggiunto
--> NO /mnt/REPORT/WinWatch/2015/04/2204-2304parz.csv aggiunto
--> NO /mnt/REPORT/WinWatch/2015/04/2304-2404parz.csv aggiunto
--> NO /mnt/REPORT/WinWatch/2015/04/2404-2704parz.csv aggiunto
--> NO /mnt/REPORT/WinWatch/2015/04/2704-2804parz.csv aggiunto
--> NO /mnt/REPORT/WinWatch/2015/04/2804-2904parz.csv aggiunto
--> NO /mnt/REPORT/WinWatch/2015/04/2904-3004parz.csv aggiunto
--> NO /mnt/REPORT/WinWatch/2015/04/3004.csv aggiunto
--> NO /mnt/REPORT/WinWatch/2015/05/0105-0405parz.csv aggiunto
--> NO /mnt/REPORT/WinWatch/2015/05/0405-0505parz.csv aggiunto
--> NO /mnt/REPORT/WinWatch/2015/05/0505-0605parz.csv aggiunto
--> NO /mnt/REPORT/WinWatch/2015/05/0605-0705parz.csv aggiunto
--> NO /mnt/REPORT/WinWatch/2015/05/0705-0805parz.csv aggiunto
--> NO /mnt/REPORT/WinWatch/2015/05/0805-1105parz.csv aggiunto
--> NO /mnt/REPORT/WinWatch/2015/05/1105-1205parz.csv aggiunto
--> NO /mnt/REPORT/WinWatch/2015/05/1205-1305parz.csv aggiunto
--> NO /mnt/REPORT/WinWatch/2015/05/1305-1405parz.csv aggiunto
--> NO /mnt/REPORT/WinWatch/2015/05/1405-1505parz.csv aggiunto
--> NO /mnt/REPORT/WinWatch/2015/05/1505-1805parz.csv aggiunto
--> NO /mnt/REPORT/WinWatch/2015/05/1805-1905parz.csv aggiunto
--> NO /mnt/REPORT/WinWatch/2015/05/1905-2005parz.csv aggiunto
--> NO /mnt/REPORT/WinWatch/2015/05/2005-2105parz.csv aggiunto
--> NO /mnt/REPORT/WinWatch/2015/05/2105-2205parz.csv aggiunto
--> NO /mnt/REPORT/WinWatch/2015/05/2205-2505parz.csv aggiunto
--> NO /mnt/REPORT/WinWatch/2015/05/2505-2605parz.csv aggiunto
--> NO /mnt/REPORT/WinWatch/2015/05/2605-2705parz.csv aggiunto
--> NO /mnt/REPORT/WinWatch/2015/05/2705-2805parz.csv aggiunto
--> NO /mnt/REPORT/WinWatch/2015/05/2805-2905parz.csv aggiunto
--> NO /mnt/REPORT/WinWatch/2015/05/2905-0106parz.csv aggiunto
--> NO /mnt/REPORT/WinWatch/2015/06/0106-0306parz.csv aggiunto
--> NO /mnt/REPORT/WinWatch/2015/06/0306-0406parz.csv aggiunto
--> NO /mnt/REPORT/WinWatch/2015/06/0406-0506parz.csv aggiunto
--> NO /mnt/REPORT/WinWatch/2015/06/0506-0806parz.csv aggiunto
--> NO /mnt/REPORT/WinWatch/2015/06/0806-0906parz.csv aggiunto
--> NO /mnt/REPORT/WinWatch/2015/06/0906-1006parz.csv aggiunto
--> NO /mnt/REPORT/WinWatch/2015/06/1006-1106parz.csv aggiunto
--> NO /mnt/REPORT/WinWatch/2015/06/1106-1206parz.csv aggiunto
--> NO /mnt/REPORT/WinWatch/2015/06/1206-1506parz.csv aggiunto
--> NO /mnt/REPORT/WinWatch/2015/06/1506-1606parz.csv aggiunto
--> NO /mnt/REPORT/WinWatch/2015/06/1606-1706parz.csv aggiunto
--> NO /mnt/REPORT/WinWatch/2015/06/1706-1806parz.csv aggiunto
--> NO /mnt/REPORT/WinWatch/2015/06/1806-1906parz.csv aggiunto
--> NO /mnt/REPORT/WinWatch/2015/06/1906-2206parz.csv aggiunto
--> NO /mnt/REPORT/WinWatch/2015/06/2206-2306parz.csv aggiunto
--> NO /mnt/REPORT/WinWatch/2015/06/2306-2506parz.csv aggiunto
--> NO /mnt/REPORT/WinWatch/2015/06/2506-2606PARZ.csv aggiunto
--> NO /mnt/REPORT/WinWatch/2015/06/2606-2906parz.csv aggiunto
--> NO /mnt/REPORT/WinWatch/2015/06/2906-3006parz.csv aggiunto
--> NO /mnt/REPORT/WinWatch/2015/06/3006-0107parz.csv aggiunto
--> NO /mnt/REPORT/WinWatch/2015/07/0107-0207parz.csv aggiunto
--> NO /mnt/REPORT/WinWatch/2015/07/0207-0307parz.csv aggiunto
--> NO /mnt/REPORT/WinWatch/2015/07/0307-0607parz.csv aggiunto
--> NO /mnt/REPORT/WinWatch/2015/07/0607-0707parz.csv aggiunto
--> NO /mnt/REPORT/WinWatch/2015/07/0707-0807parz.csv aggiunto
--> NO /mnt/REPORT/WinWatch/2015/07/0807-0907parz.csv aggiunto
--> NO /mnt/REPORT/WinWatch/2015/07/0907-1007parz.csv aggiunto
--> NO /mnt/REPORT/WinWatch/2015/07/1007-1307parz.csv aggiunto
--> NO /mnt/REPORT/WinWatch/2015/07/1307-1407parz.csv aggiunto
--> NO /mnt/REPORT/WinWatch/2015/07/1407-1507parz.csv aggiunto
--> NO /mnt/REPORT/WinWatch/2015/07/1507-1607parz.csv aggiunto
--> NO /mnt/REPORT/WinWatch/2015/07/1607-1707parz.csv aggiunto
--> NO /mnt/REPORT/WinWatch/2015/07/1707-2007parz.csv aggiunto
--> NO /mnt/REPORT/WinWatch/2015/07/2007-2107parz.csv aggiunto
--> NO /mnt/REPORT/WinWatch/2015/07/2107-2207parz.csv aggiunto
--> NO /mnt/REPORT/WinWatch/2015/07/2207-2307parz.csv aggiunto
--> NO /mnt/REPORT/WinWatch/2015/07/2307-2407parz.csv aggiunto
--> NO /mnt/REPORT/WinWatch/2015/07/2407-2707parz.csv aggiunto
--> NO /mnt/REPORT/WinWatch/2015/07/2707-2807parz.csv aggiunto
--> NO /mnt/REPORT/WinWatch/2015/07/2807-2907parz.csv aggiunto
--> NO /mnt/REPORT/WinWatch/2015/07/2907-3007parz.csv aggiunto
--> NO /mnt/REPORT/WinWatch/2015/07/3007-3107parz.csv aggiunto
--> NO /mnt/REPORT/WinWatch/2015/08/0108-0308parz.csv aggiunto
--> NO /mnt/REPORT/WinWatch/2015/08/0308-0408parz.csv aggiunto
--> NO /mnt/REPORT/WinWatch/2015/08/0408-0508parz.csv aggiunto
--> NO /mnt/REPORT/WinWatch/2015/08/0508-0608parz.csv aggiunto
--> NO /mnt/REPORT/WinWatch/2015/08/0608-0708parz.csv aggiunto
--> NO /mnt/REPORT/WinWatch/2015/08/0708-1008parz.csv aggiunto
--> NO /mnt/REPORT/WinWatch/2015/08/1008-1108parz.csv aggiunto
--> NO /mnt/REPORT/WinWatch/2015/08/1108-1208parz.csv aggiunto
--> NO /mnt/REPORT/WinWatch/2015/08/1208-1308parz.csv aggiunto
--> NO /mnt/REPORT/WinWatch/2015/08/1308-1408parz.csv aggiunto
--> NO /mnt/REPORT/WinWatch/2015/08/1408-1708parz.csv aggiunto
--> NO /mnt/REPORT/WinWatch/2015/08/1708-1808parz.csv aggiunto
--> NO /mnt/REPORT/WinWatch/2015/08/1808-1908parz.csv aggiunto
--> NO /mnt/REPORT/WinWatch/2015/08/1908-2008parz.csv aggiunto
--> NO /mnt/REPORT/WinWatch/2015/08/2008-2108parz.csv aggiunto
--> NO /mnt/REPORT/WinWatch/2015/08/2108-2408parz.csv aggiunto
--> NO /mnt/REPORT/WinWatch/2015/08/2408-2508parz.csv aggiunto
--> NO /mnt/REPORT/WinWatch/2015/08/2508-2608parz.csv aggiunto
--> NO /mnt/REPORT/WinWatch/2015/08/2608-2708parz.csv aggiunto
--> NO /mnt/REPORT/WinWatch/2015/08/2708-2808parz.csv aggiunto
--> NO /mnt/REPORT/WinWatch/2015/08/2808-3108parz.csv aggiunto
--> NO /mnt/REPORT/WinWatch/2015/08/3108.csv aggiunto
--> NO /mnt/REPORT/WinWatch/2015/09/0109-0209parz.csv aggiunto
--> NO /mnt/REPORT/WinWatch/2015/09/0209-0309parz.csv aggiunto
--> NO /mnt/REPORT/WinWatch/2015/09/0309-0409parz.csv aggiunto
--> NO /mnt/REPORT/WinWatch/2015/09/0409-0709parz.csv aggiunto
--> NO /mnt/REPORT/WinWatch/2015/09/0709-0809parz.csv aggiunto
--> NO /mnt/REPORT/WinWatch/2015/09/0809-0909parz.csv aggiunto
--> NO /mnt/REPORT/WinWatch/2015/09/0909-1009parz.csv aggiunto
--> NO /mnt/REPORT/WinWatch/2015/09/1009-1109parz.csv aggiunto
--> NO /mnt/REPORT/WinWatch/2015/09/1109-1409parz.csv aggiunto
--> NO /mnt/REPORT/WinWatch/2015/09/1409-1509parz.csv aggiunto
--> NO /mnt/REPORT/WinWatch/2015/09/1509-1609parz.csv aggiunto
--> NO /mnt/REPORT/WinWatch/2015/09/1609-1709parz.csv aggiunto
--> NO /mnt/REPORT/WinWatch/2015/09/1709-1809parz.csv aggiunto
--> NO /mnt/REPORT/WinWatch/2015/09/1809-2109parz.csv aggiunto
--> NO /mnt/REPORT/WinWatch/2015/09/2109-2209parz.csv aggiunto
--> NO /mnt/REPORT/WinWatch/2015/09/2209-2309parz.csv aggiunto
--> NO /mnt/REPORT/WinWatch/2015/09/2309-2409parz.csv aggiunto
--> NO /mnt/REPORT/WinWatch/2015/09/2409-2509parz.csv aggiunto
--> NO /mnt/REPORT/WinWatch/2015/09/2509-2809parz.csv aggiunto
--> NO /mnt/REPORT/WinWatch/2015/09/2809-2909parz.csv aggiunto
--> NO /mnt/REPORT/WinWatch/2015/09/2909-3009parz.csv aggiunto
--> NO /mnt/REPORT/WinWatch/2015/09/3009-0110parz.csv aggiunto
